<?xml version="1.0" encoding="UTF-8"?>
<!-- Generated by org.testng.reporters.JUnitReportReporter -->
<testsuite hostname="LAPTOP-MR7PA18F" name="com.qa.tests.GetAPITest" tests="2" failures="0" timestamp="24 Mar 2020 07:53:21 GMT" time="2.567" errors="0">
  <testcase name="getAPITestWithoutHeaders" time="2.264" classname="com.qa.tests.GetAPITest"/>
  <testcase name="getAPITestWithHeaders" time="0.303" classname="com.qa.tests.GetAPITest"/>
</testsuite> <!-- com.qa.tests.GetAPITest -->
