<?xml version="1.0" encoding="UTF-8"?>
<!-- Generated by org.testng.reporters.JUnitReportReporter -->
<testsuite hostname="LAPTOP-MR7PA18F" name="com.qa.tests.PostAPITest" tests="1" failures="0" timestamp="24 Mar 2020 13:31:28 GMT" time="1.938" errors="0">
  <testcase name="postAPITest" time="1.938" classname="com.qa.tests.PostAPITest"/>
</testsuite> <!-- com.qa.tests.PostAPITest -->
